Current time: 2014-03-08 16:23:44.137762 UTC
ghc-7.6.3 ["--version"] succeeded with exit code 0
Standard output:
The Glorious Glasgow Haskell Compilation System, version 7.6.3

Standard error:
<empty>

ghc-pkg-7.6.3 ["--version"] succeeded with exit code 0
Standard output:
GHC package manager version 7.6.3

Standard error:
<empty>

cabal ["--version"] succeeded with exit code 0
Standard output:
cabal-install version 1.18.0.2
using version 1.18.1.2 of the Cabal library 

Standard error:
<empty>

ghc-7.6.3 ["--make","-outputdir","/home/massysett/penny/sunlight-17152","-o","/home/massysett/penny/sunlight-17152/Setup","Setup.hs"] succeeded with exit code 0
Standard output:
[1 of 1] Compiling Main             ( Setup.hs, /home/massysett/penny/sunlight-17152/Main.o )
Linking /home/massysett/penny/sunlight-17152/Setup ...

Standard error:
<empty>

/home/massysett/penny/sunlight-17152/Setup ["sdist","--output-directory=/home/massysett/penny/sunlight-17152/distDeps"] succeeded with exit code 0
Standard output:
Building source dist for penny-0.32.0.4...
Source directory created: /home/massysett/penny/sunlight-17152/distDeps

Standard error:
Warning: Cannot run preprocessors. Run 'configure' command first.

/home/massysett/penny/sunlight-17152/Setup ["sdist","--output-directory=/home/massysett/penny/sunlight-17152/distPkg"] succeeded with exit code 0
Standard output:
Building source dist for penny-0.32.0.4...
Source directory created: /home/massysett/penny/sunlight-17152/distPkg

Standard error:
Warning: Cannot run preprocessors. Run 'configure' command first.

ghc-pkg-7.6.3 ["init","/home/massysett/penny/sunlight-17152/db"] succeeded with exit code 0
Standard output:
<empty>

Standard error:
<empty>

cabal ["install","--verbose=2","--with-compiler=ghc-7.6.3","--with-hc-pkg=ghc-pkg-7.6.3","--prefix=/home/massysett/penny/sunlight-17152/prefix","--disable-library-profiling","--disable-executable-profiling","--package-db=clear","--package-db=global","--package-db=/home/massysett/penny/sunlight-17152/db","--enable-tests","--disable-documentation","--only-dependencies"] FAILED with exit code 1
Standard output:
Reading available packages...
Choosing modular solver.
Resolving dependencies...

Standard error:
cabal: Could not resolve dependencies:
trying: penny-0.32.0.4 (user goal)
next goal: rainbow (dependency of penny-0.32.0.4)
rejecting: rainbow-0.10.2.0, 0.10.0.0, 0.8.0.0, 0.6.0.4, 0.6.0.2, 0.6.0.0,
0.4.0.0, 0.2.0.0 (conflict: penny => rainbow>=0.12.0.0)
Dependency tree exhaustively searched.

ghc-pkg-7.6.3 ["list","--global","--package-conf=/home/massysett/penny/sunlight-17152/db"] succeeded with exit code 0
Standard output:
/opt/ghc-7.6.3/lib/ghc-7.6.3/package.conf.d:
    Cabal-1.16.0
    array-0.4.0.1
    base-4.6.0.1
    bin-package-db-0.0.0.0
    binary-0.5.1.1
    bytestring-0.10.0.2
    containers-0.5.0.0
    deepseq-1.3.0.1
    directory-1.2.0.1
    filepath-1.3.0.1
    (ghc-7.6.3)
    ghc-prim-0.3.0.0
    (haskell2010-1.1.1.0)
    (haskell98-2.0.0.2)
    hoopl-3.9.0.0
    hpc-0.6.0.0
    integer-gmp-0.5.0.0
    old-locale-1.0.0.5
    old-time-1.1.0.1
    pretty-1.1.1.0
    process-1.1.0.2
    rts-1.0
    template-haskell-2.8.0.0
    time-1.4.0.1
    unix-2.6.0.1

/home/massysett/penny/sunlight-17152/db:


Standard error:
<empty>

ghc ["--make","Setup.hs"] succeeded with exit code 0
Standard output:
[1 of 1] Compiling Main             ( Setup.hs, Setup.o )
Linking Setup ...

Standard error:
<empty>

./Setup ["configure","--verbose=2","--with-compiler=ghc-7.6.3","--with-hc-pkg=ghc-pkg-7.6.3","--prefix=/home/massysett/penny/sunlight-17152/prefix","--package-db=clear","--package-db=global","--package-db=/home/massysett/penny/sunlight-17152/db","--enable-tests"] FAILED with exit code 1
Standard output:
Configuring penny-0.32.0.4...

Standard error:
Setup: At least the following dependencies are missing:
QuickCheck >=2.5,
action-permutations ==0.0.0.0,
anonymous-sums >=0.4.0.0,
cereal >=0.3.5.2,
either >=3.4.1,
matchers >=0.14.0.2 && <0.15.0.0,
multiarg >=0.24.0.4 && <0.25.0.0,
ofx >=0.4.0.2,
parsec >=3.1.3,
prednote >=0.18.0.4 && <0.19.0.0,
pretty-show >=1.5,
rainbow >=0.12.0.0,
random-shuffle >=0.0.4,
semigroups >=0.9.2,
split >=0.2.2,
text >=0.11.2.0,
transformers >=0.3.0.0

./Setup ["build","--verbose=2"] FAILED with exit code 1
Standard output:
<empty>

Standard error:
Setup: Run the 'configure' command first.

./Setup ["install","--verbose=2"] FAILED with exit code 1
Standard output:
<empty>

Standard error:
Setup: Run the 'configure' command first.

ghc-pkg-7.6.3 ["list","--global","--package-conf=/home/massysett/penny/sunlight-17152/db"] succeeded with exit code 0
Standard output:
/opt/ghc-7.6.3/lib/ghc-7.6.3/package.conf.d:
    Cabal-1.16.0
    array-0.4.0.1
    base-4.6.0.1
    bin-package-db-0.0.0.0
    binary-0.5.1.1
    bytestring-0.10.0.2
    containers-0.5.0.0
    deepseq-1.3.0.1
    directory-1.2.0.1
    filepath-1.3.0.1
    (ghc-7.6.3)
    ghc-prim-0.3.0.0
    (haskell2010-1.1.1.0)
    (haskell98-2.0.0.2)
    hoopl-3.9.0.0
    hpc-0.6.0.0
    integer-gmp-0.5.0.0
    old-locale-1.0.0.5
    old-time-1.1.0.1
    pretty-1.1.1.0
    process-1.1.0.2
    rts-1.0
    template-haskell-2.8.0.0
    time-1.4.0.1
    unix-2.6.0.1

/home/massysett/penny/sunlight-17152/db:


Standard error:
<empty>

dist/build/penny-test/penny-test [] FAILED with exit code 127
Standard output:
<empty>

Standard error:
<empty>

