Current time: 2014-04-16 01:10:36.503632 UTC
ghc-7.4.1 ["--version"] succeeded with exit code 0
Standard output:
The Glorious Glasgow Haskell Compilation System, version 7.4.1

Standard error:
<empty>

ghc-pkg-7.4.1 ["--version"] succeeded with exit code 0
Standard output:
GHC package manager version 7.4.1

Standard error:
<empty>

cabal ["--version"] succeeded with exit code 0
Standard output:
cabal-install version 1.18.0.2
using version 1.18.1.2 of the Cabal library 

Standard error:
<empty>

ghc-7.4.1 ["--make","-outputdir","/home/massysett/penny/sunlight-17319","-o","/home/massysett/penny/sunlight-17319/Setup","Setup.hs"] succeeded with exit code 0
Standard output:
[1 of 1] Compiling Main             ( Setup.hs, /home/massysett/penny/sunlight-17319/Main.o )
Linking /home/massysett/penny/sunlight-17319/Setup ...

Standard error:
<empty>

/home/massysett/penny/sunlight-17319/Setup ["sdist","--output-directory=/home/massysett/penny/sunlight-17319/distDeps"] succeeded with exit code 0
Standard output:
Building source dist for penny-0.32.0.7...
Source directory created: /home/massysett/penny/sunlight-17319/distDeps

Standard error:
Warning: Cannot run preprocessors. Run 'configure' command first.

/home/massysett/penny/sunlight-17319/Setup ["sdist","--output-directory=/home/massysett/penny/sunlight-17319/distPkg"] succeeded with exit code 0
Standard output:
Building source dist for penny-0.32.0.7...
Source directory created: /home/massysett/penny/sunlight-17319/distPkg

Standard error:
Warning: Cannot run preprocessors. Run 'configure' command first.

ghc-pkg-7.4.1 ["init","/home/massysett/penny/sunlight-17319/db"] succeeded with exit code 0
Standard output:
<empty>

Standard error:
<empty>

cabal ["install","--verbose=2","--with-compiler=ghc-7.4.1","--with-hc-pkg=ghc-pkg-7.4.1","--prefix=/home/massysett/penny/sunlight-17319/prefix","--disable-library-profiling","--disable-executable-profiling","--package-db=clear","--package-db=global","--package-db=/home/massysett/penny/sunlight-17319/db","--enable-tests","--disable-documentation","--only-dependencies"] FAILED with exit code 1
Standard output:
Reading available packages...
Choosing modular solver.
Resolving dependencies...

Standard error:
cabal: Could not resolve dependencies:
trying: penny-0.32.0.7 (user goal)
trying: semigroups-0.13.0.1 (dependency of penny-0.32.0.7)
trying: semigroups-0.13.0.1:-base2
trying: unordered-containers-0.2.4.0 (dependency of
semigroups-0.13.0.1:-base2)
trying: deepseq-1.3.0.0/installed-a73... (dependency of
unordered-containers-0.2.4.0)
next goal: rainbox (dependency of penny-0.32.0.7)
rejecting: rainbox-0.4.0.0 (conflict: deepseq =>
array==0.4.0.0/installed-59d..., rainbox => array>=0.4.0.1)
rejecting: rainbox-0.2.0.0 (conflict: penny => rainbox>=0.4.0.0 && <0.5)
Backjump limit reached (change with --max-backjumps).

ghc-pkg-7.4.1 ["list","--global","--package-conf=/home/massysett/penny/sunlight-17319/db"] succeeded with exit code 0
Standard output:
/opt/ghc/7.4.1/lib/ghc-7.4.1/package.conf.d:
    Cabal-1.14.0
    array-0.4.0.0
    base-4.5.0.0
    bin-package-db-0.0.0.0
    binary-0.5.1.0
    bytestring-0.9.2.1
    containers-0.4.2.1
    deepseq-1.3.0.0
    directory-1.1.0.2
    extensible-exceptions-0.1.1.4
    filepath-1.3.0.0
    (ghc-7.4.1)
    ghc-prim-0.2.0.0
    (haskell2010-1.1.0.1)
    (haskell98-2.0.0.1)
    hoopl-3.8.7.3
    hpc-0.5.1.1
    integer-gmp-0.4.0.0
    old-locale-1.0.0.4
    old-time-1.1.0.0
    pretty-1.1.1.0
    process-1.1.0.1
    rts-1.0
    template-haskell-2.7.0.0
    time-1.4
    unix-2.5.1.0

/home/massysett/penny/sunlight-17319/db:


Standard error:
<empty>

ghc ["--make","Setup.hs"] succeeded with exit code 0
Standard output:
[1 of 1] Compiling Main             ( Setup.hs, Setup.o )
Linking Setup ...

Standard error:
<empty>

./Setup ["configure","--verbose=2","--with-compiler=ghc-7.4.1","--with-hc-pkg=ghc-pkg-7.4.1","--prefix=/home/massysett/penny/sunlight-17319/prefix","--package-db=clear","--package-db=global","--package-db=/home/massysett/penny/sunlight-17319/db","--enable-tests"] FAILED with exit code 1
Standard output:
Configuring penny-0.32.0.7...

Standard error:
Setup: At least the following dependencies are missing:
QuickCheck >=2.5,
action-permutations ==0.0.0.0,
anonymous-sums >=0.4.0.0,
cereal >=0.3.5.2,
contravariant >=0.2.0.1,
either >=3.4.1,
matchers >=0.14.0.2 && <0.15.0.0,
multiarg >=0.24.0.4 && <0.25.0.0,
ofx >=0.4.0.2 && <0.5,
parsec >=3.1.3,
prednote >=0.22.0.2 && <0.23,
pretty-show >=1.5,
rainbow >=0.14.0.0 && <0.15.0.0,
rainbox >=0.4.0.0 && <0.5,
random-shuffle >=0.0.4,
semigroups >=0.9.2,
split >=0.2.2,
text >=0.11.2.0,
transformers >=0.3.0.0

./Setup ["build","--verbose=2"] FAILED with exit code 1
Standard output:
<empty>

Standard error:
Setup: Run the 'configure' command first.

./Setup ["install","--verbose=2"] FAILED with exit code 1
Standard output:
<empty>

Standard error:
Setup: Run the 'configure' command first.

ghc-pkg-7.4.1 ["list","--global","--package-conf=/home/massysett/penny/sunlight-17319/db"] succeeded with exit code 0
Standard output:
/opt/ghc/7.4.1/lib/ghc-7.4.1/package.conf.d:
    Cabal-1.14.0
    array-0.4.0.0
    base-4.5.0.0
    bin-package-db-0.0.0.0
    binary-0.5.1.0
    bytestring-0.9.2.1
    containers-0.4.2.1
    deepseq-1.3.0.0
    directory-1.1.0.2
    extensible-exceptions-0.1.1.4
    filepath-1.3.0.0
    (ghc-7.4.1)
    ghc-prim-0.2.0.0
    (haskell2010-1.1.0.1)
    (haskell98-2.0.0.1)
    hoopl-3.8.7.3
    hpc-0.5.1.1
    integer-gmp-0.4.0.0
    old-locale-1.0.0.4
    old-time-1.1.0.0
    pretty-1.1.1.0
    process-1.1.0.1
    rts-1.0
    template-haskell-2.7.0.0
    time-1.4
    unix-2.5.1.0

/home/massysett/penny/sunlight-17319/db:


Standard error:
<empty>

dist/build/penny-test/penny-test [] FAILED with exit code 127
Standard output:
<empty>

Standard error:
<empty>

